Build started 06/02/2016 02:59:56.
     1>Project "E:\Documents\GitHub\FinalYearProject\GLTests\SphCUDA3D\SphCUDA3D.vcxproj" on node 2 (Build target(s)).
     1>ClCompile:
         C:\Program Files (x86)\Microsoft Visual Studio 12.0\VC\bin\CL.exe /c /ZI /nologo /W3 /WX- /sdl /Od /Oy- /D _MBCS /Gm /EHsc /RTC1 /MDd /GS /fp:precise /Zc:wchar_t /Zc:forScope /Fo"Debug\\" /Fd"Debug\vc120.pdb" /Gd /TP /analyze- /errorReport:prompt ..\..\..\sphfluid\SPH_GPU_3D_v1\sph_main.cpp ..\..\..\sphfluid\SPH_GPU_3D_v1\sph_system.cpp ..\..\..\sphfluid\SPH_GPU_3D_v1\sph_timer.cpp
         sph_timer.cpp
     1>e:\documents\github\sphfluid\sph_gpu_3d_v1\sph_timer.cpp(36): warning C4018: '>' : signed/unsigned mismatch
         sph_system.cpp
     1>e:\documents\github\sphfluid\sph_gpu_3d_v1\sph_header.h(25): fatal error C1083: Cannot open include file: 'thrust/device_vector.h': No such file or directory
         sph_main.cpp
     1>e:\documents\github\sphfluid\sph_gpu_3d_v1\sph_header.h(25): fatal error C1083: Cannot open include file: 'thrust/device_vector.h': No such file or directory
         Generating Code...
     1>Done Building Project "E:\Documents\GitHub\FinalYearProject\GLTests\SphCUDA3D\SphCUDA3D.vcxproj" (Build target(s)) -- FAILED.

Build FAILED.

Time Elapsed 00:00:00.69
